This file contains any messages produced by compilers while
running configure, to aid debugging if configure makes a mistake.

It was created by Mini-XML configure 3.3, which was
generated by GNU Autoconf 2.71.  Invocation command line was

  $ ./configure

## --------- ##
## Platform. ##
## --------- ##

hostname = shlee.centos8.com
uname -m = x86_64
uname -r = 4.18.0-348.2.1.el8_5.x86_64
uname -s = Linux
uname -v = #1 SMP Tue Nov 16 14:42:35 UTC 2021

/usr/bin/uname -p = x86_64
/bin/uname -X     = unknown

/bin/arch              = x86_64
/usr/bin/arch -k       = unknown
/usr/convex/getsysinfo = unknown
/usr/bin/hostinfo      = unknown
/bin/machine           = unknown
/usr/bin/oslevel       = unknown
/bin/universe          = unknown

PATH: /home/shlee/.local/bin/
PATH: /home/shlee/bin/
PATH: /usr/local/bin/
PATH: /usr/local/sbin/
PATH: /usr/bin/
PATH: /usr/sbin/
PATH: ./


## ----------- ##
## Core tests. ##
## ----------- ##

configure:2591: looking for aux files: install-sh config.guess config.sub
configure:2604:  trying ./
configure:2615:   ./install-sh found
configure:2633:   ./config.guess found
configure:2633:   ./config.sub found
configure:2756: checking build system type
configure:2771: result: x86_64-unknown-linux-gnu
configure:2791: checking host system type
configure:2805: result: x86_64-unknown-linux-gnu
configure:3002: checking for gcc
configure:3023: found /usr/bin/gcc
configure:3034: result: gcc
configure:3387: checking for C compiler version
configure:3396: gcc --version >&5
gcc (GCC) 8.5.0 20210514 (Red Hat 8.5.0-4)
Copyright (C) 2018 Free Software Foundation, Inc.
This is free software; see the source for copying conditions.  There is NO
warranty; not even for MERCHANTABILITY or FITNESS FOR A PARTICULAR PURPOSE.

configure:3407: $? = 0
configure:3396: gcc -v >&5
Using built-in specs.
COLLECT_GCC=gcc
COLLECT_LTO_WRAPPER=/usr/libexec/gcc/x86_64-redhat-linux/8/lto-wrapper
OFFLOAD_TARGET_NAMES=nvptx-none
OFFLOAD_TARGET_DEFAULT=1
Target: x86_64-redhat-linux
Configured with: ../configure --enable-bootstrap --enable-languages=c,c++,fortran,lto --prefix=/usr --mandir=/usr/share/man --infodir=/usr/share/info --with-bugurl=http://bugzilla.redhat.com/bugzilla --enable-shared --enable-threads=posix --enable-checking=release --enable-multilib --with-system-zlib --enable-__cxa_atexit --disable-libunwind-exceptions --enable-gnu-unique-object --enable-linker-build-id --with-gcc-major-version-only --with-linker-hash-style=gnu --enable-plugin --enable-initfini-array --with-isl --disable-libmpx --enable-offload-targets=nvptx-none --without-cuda-driver --enable-gnu-indirect-function --enable-cet --with-tune=generic --with-arch_32=x86-64 --build=x86_64-redhat-linux
Thread model: posix
gcc version 8.5.0 20210514 (Red Hat 8.5.0-4) (GCC) 
configure:3407: $? = 0
configure:3396: gcc -V >&5
gcc: error: unrecognized command line option '-V'
gcc: fatal error: no input files
compilation terminated.
configure:3407: $? = 1
configure:3396: gcc -qversion >&5
gcc: error: unrecognized command line option '-qversion'; did you mean '--version'?
gcc: fatal error: no input files
compilation terminated.
configure:3407: $? = 1
configure:3396: gcc -version >&5
gcc: error: unrecognized command line option '-version'
gcc: fatal error: no input files
compilation terminated.
configure:3407: $? = 1
configure:3427: checking whether the C compiler works
configure:3449: gcc    conftest.c  >&5
configure:3453: $? = 0
configure:3503: result: yes
configure:3506: checking for C compiler default output file name
configure:3508: result: a.out
configure:3514: checking for suffix of executables
configure:3521: gcc -o conftest    conftest.c  >&5
configure:3525: $? = 0
configure:3548: result: 
configure:3570: checking whether we are cross compiling
configure:3578: gcc -o conftest    conftest.c  >&5
configure:3582: $? = 0
configure:3589: ./conftest
configure:3593: $? = 0
configure:3608: result: no
configure:3613: checking for suffix of object files
configure:3636: gcc -c   conftest.c >&5
configure:3640: $? = 0
configure:3662: result: o
configure:3666: checking whether the compiler supports GNU C
configure:3686: gcc -c   conftest.c >&5
configure:3686: $? = 0
configure:3696: result: yes
configure:3707: checking whether gcc accepts -g
configure:3728: gcc -c -g  conftest.c >&5
configure:3728: $? = 0
configure:3772: result: yes
configure:3792: checking for gcc option to enable C11 features
configure:3807: gcc  -c   conftest.c >&5
configure:3807: $? = 0
configure:3825: result: none needed
configure:4004: checking for g++
configure:4039: result: no
configure:4004: checking for c++
configure:4039: result: no
configure:4004: checking for gpp
configure:4039: result: no
configure:4004: checking for aCC
configure:4039: result: no
configure:4004: checking for CC
configure:4039: result: no
configure:4004: checking for cxx
configure:4039: result: no
configure:4004: checking for cc++
configure:4039: result: no
configure:4004: checking for cl.exe
configure:4039: result: no
configure:4004: checking for FCC
configure:4039: result: no
configure:4004: checking for KCC
configure:4039: result: no
configure:4004: checking for RCC
configure:4039: result: no
configure:4004: checking for xlC_r
configure:4039: result: no
configure:4004: checking for xlC
configure:4039: result: no
configure:4004: checking for clang++
configure:4039: result: no
configure:4063: checking for C++ compiler version
configure:4072: g++ --version >&5
./configure: line 4074: g++: command not found
configure:4083: $? = 127
configure:4072: g++ -v >&5
./configure: line 4074: g++: command not found
configure:4083: $? = 127
configure:4072: g++ -V >&5
./configure: line 4074: g++: command not found
configure:4083: $? = 127
configure:4072: g++ -qversion >&5
./configure: line 4074: g++: command not found
configure:4083: $? = 127
configure:4087: checking whether the compiler supports GNU C++
configure:4107: g++ -c   conftest.cpp >&5
./configure: line 1540: g++: command not found
configure:4107: $? = 127
configure: failed program was:
| /* confdefs.h */
| #define PACKAGE_NAME "Mini-XML"
| #define PACKAGE_TARNAME "mxml"
| #define PACKAGE_VERSION "3.3"
| #define PACKAGE_STRING "Mini-XML 3.3"
| #define PACKAGE_BUGREPORT "https://github.com/michaelrsweet/mxml/issues"
| #define PACKAGE_URL "https://www.msweet.org/mxml"
| #define MXML_VERSION "Mini-XML v3.3"
| /* end confdefs.h.  */
| 
| int
| main (void)
| {
| #ifndef __GNUC__
|        choke me
| #endif
| 
|   ;
|   return 0;
| }
configure:4117: result: no
configure:4128: checking whether g++ accepts -g
configure:4149: g++ -c -g  conftest.cpp >&5
./configure: line 1540: g++: command not found
configure:4149: $? = 127
configure: failed program was:
| /* confdefs.h */
| #define PACKAGE_NAME "Mini-XML"
| #define PACKAGE_TARNAME "mxml"
| #define PACKAGE_VERSION "3.3"
| #define PACKAGE_STRING "Mini-XML 3.3"
| #define PACKAGE_BUGREPORT "https://github.com/michaelrsweet/mxml/issues"
| #define PACKAGE_URL "https://www.msweet.org/mxml"
| #define MXML_VERSION "Mini-XML v3.3"
| /* end confdefs.h.  */
| 
| int
| main (void)
| {
| 
|   ;
|   return 0;
| }
configure:4165: g++ -c   conftest.cpp >&5
./configure: line 1540: g++: command not found
configure:4165: $? = 127
configure: failed program was:
| /* confdefs.h */
| #define PACKAGE_NAME "Mini-XML"
| #define PACKAGE_TARNAME "mxml"
| #define PACKAGE_VERSION "3.3"
| #define PACKAGE_STRING "Mini-XML 3.3"
| #define PACKAGE_BUGREPORT "https://github.com/michaelrsweet/mxml/issues"
| #define PACKAGE_URL "https://www.msweet.org/mxml"
| #define MXML_VERSION "Mini-XML v3.3"
| /* end confdefs.h.  */
| 
| int
| main (void)
| {
| 
|   ;
|   return 0;
| }
configure:4182: g++ -c -g  conftest.cpp >&5
./configure: line 1540: g++: command not found
configure:4182: $? = 127
configure: failed program was:
| /* confdefs.h */
| #define PACKAGE_NAME "Mini-XML"
| #define PACKAGE_TARNAME "mxml"
| #define PACKAGE_VERSION "3.3"
| #define PACKAGE_STRING "Mini-XML 3.3"
| #define PACKAGE_BUGREPORT "https://github.com/michaelrsweet/mxml/issues"
| #define PACKAGE_URL "https://www.msweet.org/mxml"
| #define MXML_VERSION "Mini-XML v3.3"
| /* end confdefs.h.  */
| 
| int
| main (void)
| {
| 
|   ;
|   return 0;
| }
configure:4193: result: no
configure:4213: checking for g++ option to enable C++11 features
configure:4228: g++  -c   conftest.cpp >&5
./configure: line 1540: g++: command not found
configure:4228: $? = 127
configure: failed program was:
| /* confdefs.h */
| #define PACKAGE_NAME "Mini-XML"
| #define PACKAGE_TARNAME "mxml"
| #define PACKAGE_VERSION "3.3"
| #define PACKAGE_STRING "Mini-XML 3.3"
| #define PACKAGE_BUGREPORT "https://github.com/michaelrsweet/mxml/issues"
| #define PACKAGE_URL "https://www.msweet.org/mxml"
| #define MXML_VERSION "Mini-XML v3.3"
| /* end confdefs.h.  */
| 
| // Does the compiler advertise C++98 conformance?
| #if !defined __cplusplus || __cplusplus < 199711L
| # error "Compiler does not advertise C++98 conformance"
| #endif
| 
| // These inclusions are to reject old compilers that
| // lack the unsuffixed header files.
| #include <cstdlib>
| #include <exception>
| 
| // <cassert> and <cstring> are *not* freestanding headers in C++98.
| extern void assert (int);
| namespace std {
|   extern int strcmp (const char *, const char *);
| }
| 
| // Namespaces, exceptions, and templates were all added after "C++ 2.0".
| using std::exception;
| using std::strcmp;
| 
| namespace {
| 
| void test_exception_syntax()
| {
|   try {
|     throw "test";
|   } catch (const char *s) {
|     // Extra parentheses suppress a warning when building autoconf itself,
|     // due to lint rules shared with more typical C programs.
|     assert (!(strcmp) (s, "test"));
|   }
| }
| 
| template <typename T> struct test_template
| {
|   T const val;
|   explicit test_template(T t) : val(t) {}
|   template <typename U> T add(U u) { return static_cast<T>(u) + val; }
| };
| 
| } // anonymous namespace
| 
| 
| // Does the compiler advertise C++ 2011 conformance?
| #if !defined __cplusplus || __cplusplus < 201103L
| # error "Compiler does not advertise C++11 conformance"
| #endif
| 
| namespace cxx11test
| {
|   constexpr int get_val() { return 20; }
| 
|   struct testinit
|   {
|     int i;
|     double d;
|   };
| 
|   class delegate
|   {
|   public:
|     delegate(int n) : n(n) {}
|     delegate(): delegate(2354) {}
| 
|     virtual int getval() { return this->n; };
|   protected:
|     int n;
|   };
| 
|   class overridden : public delegate
|   {
|   public:
|     overridden(int n): delegate(n) {}
|     virtual int getval() override final { return this->n * 2; }
|   };
| 
|   class nocopy
|   {
|   public:
|     nocopy(int i): i(i) {}
|     nocopy() = default;
|     nocopy(const nocopy&) = delete;
|     nocopy & operator=(const nocopy&) = delete;
|   private:
|     int i;
|   };
| 
|   // for testing lambda expressions
|   template <typename Ret, typename Fn> Ret eval(Fn f, Ret v)
|   {
|     return f(v);
|   }
| 
|   // for testing variadic templates and trailing return types
|   template <typename V> auto sum(V first) -> V
|   {
|     return first;
|   }
|   template <typename V, typename... Args> auto sum(V first, Args... rest) -> V
|   {
|     return first + sum(rest...);
|   }
| }
| 
| 
| int
| main (int argc, char **argv)
| {
|   int ok = 0;
|   
|   assert (argc);
|   assert (! argv[0]);
| {
|   test_exception_syntax ();
|   test_template<double> tt (2.0);
|   assert (tt.add (4) == 6.0);
|   assert (true && !false);
| }
| 
|   
| {
|   // Test auto and decltype
|   auto a1 = 6538;
|   auto a2 = 48573953.4;
|   auto a3 = "String literal";
| 
|   int total = 0;
|   for (auto i = a3; *i; ++i) { total += *i; }
| 
|   decltype(a2) a4 = 34895.034;
| }
| {
|   // Test constexpr
|   short sa[cxx11test::get_val()] = { 0 };
| }
| {
|   // Test initializer lists
|   cxx11test::testinit il = { 4323, 435234.23544 };
| }
| {
|   // Test range-based for
|   int array[] = {9, 7, 13, 15, 4, 18, 12, 10, 5, 3,
|                  14, 19, 17, 8, 6, 20, 16, 2, 11, 1};
|   for (auto &x : array) { x += 23; }
| }
| {
|   // Test lambda expressions
|   using cxx11test::eval;
|   assert (eval ([](int x) { return x*2; }, 21) == 42);
|   double d = 2.0;
|   assert (eval ([&](double x) { return d += x; }, 3.0) == 5.0);
|   assert (d == 5.0);
|   assert (eval ([=](double x) mutable { return d += x; }, 4.0) == 9.0);
|   assert (d == 5.0);
| }
| {
|   // Test use of variadic templates
|   using cxx11test::sum;
|   auto a = sum(1);
|   auto b = sum(1, 2);
|   auto c = sum(1.0, 2.0, 3.0);
| }
| {
|   // Test constructor delegation
|   cxx11test::delegate d1;
|   cxx11test::delegate d2();
|   cxx11test::delegate d3(45);
| }
| {
|   // Test override and final
|   cxx11test::overridden o1(55464);
| }
| {
|   // Test nullptr
|   char *c = nullptr;
| }
| {
|   // Test template brackets
|   test_template<::test_template<int>> v(test_template<int>(12));
| }
| {
|   // Unicode literals
|   char const *utf8 = u8"UTF-8 string \u2500";
|   char16_t const *utf16 = u"UTF-8 string \u2500";
|   char32_t const *utf32 = U"UTF-32 string \u2500";
| }
| 
|   return ok;
| }
| 
configure:4246: result: none needed
configure:4325: checking for a BSD-compatible install
configure:4398: result: /usr/bin/install -c
configure:4464: checking for ranlib
configure:4485: found /usr/bin/ranlib
configure:4496: result: ranlib
configure:4566: checking for ar
configure:4587: found /usr/bin/ar
configure:4598: result: ar
configure:4622: checking for cp
configure:4645: found /usr/bin/cp
configure:4657: result: /usr/bin/cp
configure:4669: checking for ldconfig
configure:4692: found /usr/sbin/ldconfig
configure:4704: result: /usr/sbin/ldconfig
configure:4717: checking for ln
configure:4740: found /usr/bin/ln
configure:4752: result: /usr/bin/ln
configure:4762: checking for mkdir
configure:4785: found /usr/bin/mkdir
configure:4797: result: /usr/bin/mkdir
configure:4807: checking for rm
configure:4830: found /usr/bin/rm
configure:4842: result: /usr/bin/rm
configure:4868: checking for inline
configure:4885: gcc -c   conftest.c >&5
configure:4885: $? = 0
configure:4894: result: inline
configure:4917: checking for strdup
configure:4917: gcc -o conftest    conftest.c  >&5
conftest.c:26:6: warning: conflicting types for built-in function 'strdup' [-Wbuiltin-declaration-mismatch]
 char strdup ();
      ^~~~~~
configure:4917: $? = 0
configure:4917: result: yes
configure:4923: checking for strlcat
configure:4923: gcc -o conftest    conftest.c  >&5
/tmp/ccVF1zkU.o: In function `main':
conftest.c:(.text+0xa): undefined reference to `strlcat'
collect2: error: ld returned 1 exit status
configure:4923: $? = 1
configure: failed program was:
| /* confdefs.h */
| #define PACKAGE_NAME "Mini-XML"
| #define PACKAGE_TARNAME "mxml"
| #define PACKAGE_VERSION "3.3"
| #define PACKAGE_STRING "Mini-XML 3.3"
| #define PACKAGE_BUGREPORT "https://github.com/michaelrsweet/mxml/issues"
| #define PACKAGE_URL "https://www.msweet.org/mxml"
| #define MXML_VERSION "Mini-XML v3.3"
| #define HAVE_STRDUP 1
| /* end confdefs.h.  */
| /* Define strlcat to an innocuous variant, in case <limits.h> declares strlcat.
|    For example, HP-UX 11i <limits.h> declares gettimeofday.  */
| #define strlcat innocuous_strlcat
| 
| /* System header to define __stub macros and hopefully few prototypes,
|    which can conflict with char strlcat (); below.  */
| 
| #include <limits.h>
| #undef strlcat
| 
| /* Override any GCC internal prototype to avoid an error.
|    Use char because int might match the return type of a GCC
|    builtin and then its argument prototype would still apply.  */
| #ifdef __cplusplus
| extern "C"
| #endif
| char strlcat ();
| /* The GNU C library defines this for functions which it implements
|     to always fail with ENOSYS.  Some functions are actually named
|     something starting with __ and the normal name is an alias.  */
| #if defined __stub_strlcat || defined __stub___strlcat
| choke me
| #endif
| 
| int
| main (void)
| {
| return strlcat ();
|   ;
|   return 0;
| }
configure:4923: result: no
configure:4929: checking for strlcpy
configure:4929: gcc -o conftest    conftest.c  >&5
/tmp/ccx1956V.o: In function `main':
conftest.c:(.text+0xa): undefined reference to `strlcpy'
collect2: error: ld returned 1 exit status
configure:4929: $? = 1
configure: failed program was:
| /* confdefs.h */
| #define PACKAGE_NAME "Mini-XML"
| #define PACKAGE_TARNAME "mxml"
| #define PACKAGE_VERSION "3.3"
| #define PACKAGE_STRING "Mini-XML 3.3"
| #define PACKAGE_BUGREPORT "https://github.com/michaelrsweet/mxml/issues"
| #define PACKAGE_URL "https://www.msweet.org/mxml"
| #define MXML_VERSION "Mini-XML v3.3"
| #define HAVE_STRDUP 1
| /* end confdefs.h.  */
| /* Define strlcpy to an innocuous variant, in case <limits.h> declares strlcpy.
|    For example, HP-UX 11i <limits.h> declares gettimeofday.  */
| #define strlcpy innocuous_strlcpy
| 
| /* System header to define __stub macros and hopefully few prototypes,
|    which can conflict with char strlcpy (); below.  */
| 
| #include <limits.h>
| #undef strlcpy
| 
| /* Override any GCC internal prototype to avoid an error.
|    Use char because int might match the return type of a GCC
|    builtin and then its argument prototype would still apply.  */
| #ifdef __cplusplus
| extern "C"
| #endif
| char strlcpy ();
| /* The GNU C library defines this for functions which it implements
|     to always fail with ENOSYS.  Some functions are actually named
|     something starting with __ and the normal name is an alias.  */
| #if defined __stub_strlcpy || defined __stub___strlcpy
| choke me
| #endif
| 
| int
| main (void)
| {
| return strlcpy ();
|   ;
|   return 0;
| }
configure:4929: result: no
configure:4942: checking for snprintf
configure:4942: gcc -o conftest    conftest.c  >&5
conftest.c:27:6: warning: conflicting types for built-in function 'snprintf' [-Wbuiltin-declaration-mismatch]
 char snprintf ();
      ^~~~~~~~
configure:4942: $? = 0
configure:4942: result: yes
configure:4948: checking for vasprintf
configure:4948: gcc -o conftest    conftest.c  >&5
configure:4948: $? = 0
configure:4948: result: yes
configure:4954: checking for vsnprintf
configure:4954: gcc -o conftest    conftest.c  >&5
conftest.c:29:6: warning: conflicting types for built-in function 'vsnprintf' [-Wbuiltin-declaration-mismatch]
 char vsnprintf ();
      ^~~~~~~~~
configure:4954: $? = 0
configure:4954: result: yes
configure:4966: checking for unsigned long long int
configure:5008: gcc -o conftest    conftest.c  >&5
configure:5008: $? = 0
configure:5018: result: yes
configure:5028: checking for long long int
configure:5070: gcc -o conftest    conftest.c  >&5
configure:5070: $? = 0
configure:5070: ./conftest
configure:5070: $? = 0
configure:5083: result: yes
configure:5105: checking for stdio.h
configure:5105: gcc -c   conftest.c >&5
configure:5105: $? = 0
configure:5105: result: yes
configure:5105: checking for stdlib.h
configure:5105: gcc -c   conftest.c >&5
configure:5105: $? = 0
configure:5105: result: yes
configure:5105: checking for string.h
configure:5105: gcc -c   conftest.c >&5
configure:5105: $? = 0
configure:5105: result: yes
configure:5105: checking for inttypes.h
configure:5105: gcc -c   conftest.c >&5
configure:5105: $? = 0
configure:5105: result: yes
configure:5105: checking for stdint.h
configure:5105: gcc -c   conftest.c >&5
configure:5105: $? = 0
configure:5105: result: yes
configure:5105: checking for strings.h
configure:5105: gcc -c   conftest.c >&5
configure:5105: $? = 0
configure:5105: result: yes
configure:5105: checking for sys/stat.h
configure:5105: gcc -c   conftest.c >&5
configure:5105: $? = 0
configure:5105: result: yes
configure:5105: checking for sys/types.h
configure:5105: gcc -c   conftest.c >&5
configure:5105: $? = 0
configure:5105: result: yes
configure:5105: checking for unistd.h
configure:5105: gcc -c   conftest.c >&5
configure:5105: $? = 0
configure:5105: result: yes
configure:5133: checking for pthread.h
configure:5133: gcc -c   conftest.c >&5
configure:5133: $? = 0
configure:5133: result: yes
configure:5147: checking for pthread_create using -lpthreads
configure:5168: gcc -o conftest    conftest.c -lpthreads  >&5
/usr/bin/ld: cannot find -lpthreads
collect2: error: ld returned 1 exit status
configure:5168: $? = 1
configure: failed program was:
| /* confdefs.h */
| #define PACKAGE_NAME "Mini-XML"
| #define PACKAGE_TARNAME "mxml"
| #define PACKAGE_VERSION "3.3"
| #define PACKAGE_STRING "Mini-XML 3.3"
| #define PACKAGE_BUGREPORT "https://github.com/michaelrsweet/mxml/issues"
| #define PACKAGE_URL "https://www.msweet.org/mxml"
| #define MXML_VERSION "Mini-XML v3.3"
| #define HAVE_STRDUP 1
| #define HAVE_SNPRINTF 1
| #define HAVE_VASPRINTF 1
| #define HAVE_VSNPRINTF 1
| #define HAVE_UNSIGNED_LONG_LONG_INT 1
| #define HAVE_LONG_LONG_INT 1
| #define HAVE_STDIO_H 1
| #define HAVE_STDLIB_H 1
| #define HAVE_STRING_H 1
| #define HAVE_INTTYPES_H 1
| #define HAVE_STDINT_H 1
| #define HAVE_STRINGS_H 1
| #define HAVE_SYS_STAT_H 1
| #define HAVE_SYS_TYPES_H 1
| #define HAVE_UNISTD_H 1
| #define STDC_HEADERS 1
| #define HAVE_PTHREAD_H Have <pthread.h>?
| /* end confdefs.h.  */
| #include <pthread.h>
| int
| main (void)
| {
| pthread_create(0, 0, 0, 0);
|   ;
|   return 0;
| }
configure:5191: result: no
configure:5147: checking for pthread_create using -lpthread
configure:5168: gcc -o conftest    conftest.c -lpthread  >&5
configure:5168: $? = 0
configure:5184: result: yes
configure:5215: checking for shared library support
configure:5231: result: yes
configure:5350: checking whether compiler supports -Wno-char-subscripts
configure:5367: gcc -c -D_GNU_SOURCE  -Wno-char-subscripts -Werror  -D_THREAD_SAFE -D_REENTRANT -D_FORTIFY_SOURCE=2 conftest.c >&5
configure:5367: $? = 0
configure:5370: result: yes
configure:5350: checking whether compiler supports -Wno-format-truncation
configure:5367: gcc -c -D_GNU_SOURCE  -Wno-format-truncation -Werror  -D_THREAD_SAFE -D_REENTRANT -D_FORTIFY_SOURCE=2 conftest.c >&5
configure:5367: $? = 0
configure:5370: result: yes
configure:5350: checking whether compiler supports -Wno-format-y2k
configure:5367: gcc -c -D_GNU_SOURCE  -Wno-format-y2k -Werror  -D_THREAD_SAFE -D_REENTRANT -D_FORTIFY_SOURCE=2 conftest.c >&5
configure:5367: $? = 0
configure:5370: result: yes
configure:5350: checking whether compiler supports -Wno-switch
configure:5367: gcc -c -D_GNU_SOURCE  -Wno-switch -Werror  -D_THREAD_SAFE -D_REENTRANT -D_FORTIFY_SOURCE=2 conftest.c >&5
configure:5367: $? = 0
configure:5370: result: yes
configure:5350: checking whether compiler supports -Wno-unused-result
configure:5367: gcc -c -D_GNU_SOURCE  -Wno-unused-result -Werror  -D_THREAD_SAFE -D_REENTRANT -D_FORTIFY_SOURCE=2 conftest.c >&5
configure:5367: $? = 0
configure:5370: result: yes
configure:5630: creating ./config.status

## ---------------------- ##
## Running config.status. ##
## ---------------------- ##

This file was extended by Mini-XML config.status 3.3, which was
generated by GNU Autoconf 2.71.  Invocation command line was

  CONFIG_FILES    = 
  CONFIG_HEADERS  = 
  CONFIG_LINKS    = 
  CONFIG_COMMANDS = 
  $ ./config.status 

on shlee.centos8.com

config.status:832: creating Makefile
config.status:832: creating mxml.pc
config.status:832: creating config.h

## ---------------- ##
## Cache variables. ##
## ---------------- ##

ac_cv_build=x86_64-unknown-linux-gnu
ac_cv_c_compiler_gnu=yes
ac_cv_c_inline=inline
ac_cv_cxx_compiler_gnu=no
ac_cv_env_CCC_set=
ac_cv_env_CCC_value=
ac_cv_env_CC_set=
ac_cv_env_CC_value=
ac_cv_env_CFLAGS_set=
ac_cv_env_CFLAGS_value=
ac_cv_env_CPPFLAGS_set=
ac_cv_env_CPPFLAGS_value=
ac_cv_env_CXXFLAGS_set=
ac_cv_env_CXXFLAGS_value=
ac_cv_env_CXX_set=
ac_cv_env_CXX_value=
ac_cv_env_LDFLAGS_set=
ac_cv_env_LDFLAGS_value=
ac_cv_env_LIBS_set=
ac_cv_env_LIBS_value=
ac_cv_env_build_alias_set=
ac_cv_env_build_alias_value=
ac_cv_env_host_alias_set=
ac_cv_env_host_alias_value=
ac_cv_env_target_alias_set=
ac_cv_env_target_alias_value=
ac_cv_func_snprintf=yes
ac_cv_func_strdup=yes
ac_cv_func_strlcat=no
ac_cv_func_strlcpy=no
ac_cv_func_vasprintf=yes
ac_cv_func_vsnprintf=yes
ac_cv_header_inttypes_h=yes
ac_cv_header_pthread_h=yes
ac_cv_header_stdint_h=yes
ac_cv_header_stdio_h=yes
ac_cv_header_stdlib_h=yes
ac_cv_header_string_h=yes
ac_cv_header_strings_h=yes
ac_cv_header_sys_stat_h=yes
ac_cv_header_sys_types_h=yes
ac_cv_header_unistd_h=yes
ac_cv_host=x86_64-unknown-linux-gnu
ac_cv_objext=o
ac_cv_path_CP=/usr/bin/cp
ac_cv_path_LDCONFIG=/usr/sbin/ldconfig
ac_cv_path_LN=/usr/bin/ln
ac_cv_path_MKDIR=/usr/bin/mkdir
ac_cv_path_RM=/usr/bin/rm
ac_cv_path_install='/usr/bin/install -c'
ac_cv_prog_ac_ct_AR=ar
ac_cv_prog_ac_ct_CC=gcc
ac_cv_prog_ac_ct_RANLIB=ranlib
ac_cv_prog_cc_c11=
ac_cv_prog_cc_g=yes
ac_cv_prog_cc_stdc=
ac_cv_prog_cxx_11=no
ac_cv_prog_cxx_g=no
ac_cv_prog_cxx_stdcxx=
ac_cv_type_long_long_int=yes
ac_cv_type_unsigned_long_long_int=yes

## ----------------- ##
## Output variables. ##
## ----------------- ##

AR='ar'
ARCHFLAGS=''
ARFLAGS='crvs'
CC='gcc'
CFLAGS='-D_GNU_SOURCE '
CP='/usr/bin/cp'
CPPFLAGS=' -D_THREAD_SAFE -D_REENTRANT -D_FORTIFY_SOURCE=2'
CXX='g++'
CXXFLAGS=''
DEFS='-DHAVE_CONFIG_H'
DSO='$(CC)'
DSOFLAGS=' -Wl,-soname,libmxml.so.1 -shared $(OPTIM)'
ECHO_C=''
ECHO_N='-n'
ECHO_T=''
EXEEXT=''
INSTALL_DATA='${INSTALL} -m 644'
INSTALL_PROGRAM='${INSTALL}'
INSTALL_SCRIPT='${INSTALL}'
LDCONFIG='/usr/sbin/ldconfig'
LDFLAGS=''
LIBMXML='libmxml.so.1.6'
LIBOBJS=''
LIBS='-lpthread '
LN='/usr/bin/ln'
LTLIBOBJS=''
MKDIR='/usr/bin/mkdir'
OBJEXT='o'
OPTIM='-fPIC -g -Os'
PACKAGE_BUGREPORT='https://github.com/michaelrsweet/mxml/issues'
PACKAGE_NAME='Mini-XML'
PACKAGE_STRING='Mini-XML 3.3'
PACKAGE_TARNAME='mxml'
PACKAGE_URL='https://www.msweet.org/mxml'
PACKAGE_VERSION='3.3'
PATH_SEPARATOR=':'
PC_CFLAGS='-I${prefix}/include'
PC_LIBS='-L${exec_prefix}/lib -lmxml'
PICFLAG='1'
RANLIB='ranlib'
RM='/usr/bin/rm'
SHELL='/bin/sh'
TARGETS='ALLTARGETS'
VERSION='3.3'
WARNINGS='-Wall -Wunused -Wno-char-subscripts -Wno-format-truncation -Wno-format-y2k -Wno-switch -Wno-unused-result'
ac_ct_CC='gcc'
ac_ct_CXX=''
bindir='${exec_prefix}/bin'
build='x86_64-unknown-linux-gnu'
build_alias=''
build_cpu='x86_64'
build_os='linux-gnu'
build_vendor='unknown'
datadir='${datarootdir}'
datarootdir='${prefix}/share'
docdir='${datarootdir}/doc/mxml'
dvidir='${docdir}'
exec_prefix='/usr/local'
host='x86_64-unknown-linux-gnu'
host_alias=''
host_cpu='x86_64'
host_os='linux-gnu'
host_vendor='unknown'
htmldir='${docdir}'
includedir='${prefix}/include'
infodir='${datarootdir}/info'
libdir='${exec_prefix}/lib'
libexecdir='${exec_prefix}/libexec'
localedir='${datarootdir}/locale'
localstatedir='${prefix}/var'
mandir='${datarootdir}/man'
oldincludedir='/usr/include'
pdfdir='${docdir}'
prefix='/usr/local'
program_transform_name='s,x,x,'
psdir='${docdir}'
runstatedir='${localstatedir}/run'
sbindir='${exec_prefix}/sbin'
sharedstatedir='${prefix}/com'
sysconfdir='${prefix}/etc'
target_alias=''

## ----------- ##
## confdefs.h. ##
## ----------- ##

/* confdefs.h */
#define PACKAGE_NAME "Mini-XML"
#define PACKAGE_TARNAME "mxml"
#define PACKAGE_VERSION "3.3"
#define PACKAGE_STRING "Mini-XML 3.3"
#define PACKAGE_BUGREPORT "https://github.com/michaelrsweet/mxml/issues"
#define PACKAGE_URL "https://www.msweet.org/mxml"
#define MXML_VERSION "Mini-XML v3.3"
#define HAVE_STRDUP 1
#define HAVE_SNPRINTF 1
#define HAVE_VASPRINTF 1
#define HAVE_VSNPRINTF 1
#define HAVE_UNSIGNED_LONG_LONG_INT 1
#define HAVE_LONG_LONG_INT 1
#define HAVE_STDIO_H 1
#define HAVE_STDLIB_H 1
#define HAVE_STRING_H 1
#define HAVE_INTTYPES_H 1
#define HAVE_STDINT_H 1
#define HAVE_STRINGS_H 1
#define HAVE_SYS_STAT_H 1
#define HAVE_SYS_TYPES_H 1
#define HAVE_UNISTD_H 1
#define STDC_HEADERS 1
#define HAVE_PTHREAD_H Have <pthread.h>?

configure: exit 0

## ---------------------- ##
## Running config.status. ##
## ---------------------- ##

This file was extended by Mini-XML config.status 3.3, which was
generated by GNU Autoconf 2.71.  Invocation command line was

  CONFIG_FILES    = 
  CONFIG_HEADERS  = 
  CONFIG_LINKS    = 
  CONFIG_COMMANDS = 
  $ ./config.status 

on shlee.centos8.com

config.status:832: creating Makefile
config.status:832: creating mxml.pc
config.status:832: creating config.h
config.status:1007: config.h is unchanged
